This file contains any messages produced by compilers while
running configure, to aid debugging if configure makes a mistake.

It was created by libwebsockets configure 0.3, which was
generated by GNU Autoconf 2.68.  Invocation command line was

  $ ./configure 

## --------- ##
## Platform. ##
## --------- ##

hostname = oneiric
uname -m = x86_64
uname -r = 3.0.0-14-generic
uname -s = Linux
uname -v = #23-Ubuntu SMP Mon Nov 21 20:28:43 UTC 2011

/usr/bin/uname -p = unknown
/bin/uname -X     = unknown

/bin/arch              = unknown
/usr/bin/arch -k       = unknown
/usr/convex/getsysinfo = unknown
/usr/bin/hostinfo      = unknown
/bin/machine           = unknown
/usr/bin/oslevel       = unknown
/bin/universe          = unknown

PATH: /usr/lib/lightdm/lightdm
PATH: /usr/local/sbin
PATH: /usr/local/bin
PATH: /usr/sbin
PATH: /usr/bin
PATH: /sbin
PATH: /bin
PATH: /usr/games


## ----------- ##
## Core tests. ##
## ----------- ##

configure:2300: checking for a BSD-compatible install
configure:2368: result: /usr/bin/install -c
configure:2379: checking whether build environment is sane
configure:2429: result: yes
configure:2570: checking for a thread-safe mkdir -p
configure:2609: result: /bin/mkdir -p
configure:2622: checking for gawk
configure:2652: result: no
configure:2622: checking for mawk
configure:2638: found /usr/bin/mawk
configure:2649: result: mawk
configure:2660: checking whether make sets $(MAKE)
configure:2682: result: yes
configure:2791: checking build system type
configure:2805: result: x86_64-unknown-linux-gnu
configure:2825: checking host system type
configure:2838: result: x86_64-unknown-linux-gnu
configure:2879: checking how to print strings
configure:2906: result: printf
configure:2939: checking for style of include used by make
configure:2967: result: GNU
configure:3037: checking for gcc
configure:3053: found /usr/bin/gcc
configure:3064: result: gcc
configure:3293: checking for C compiler version
configure:3302: gcc --version >&5
gcc (Ubuntu/Linaro 4.6.1-9ubuntu3) 4.6.1
Copyright (C) 2011 Free Software Foundation, Inc.
This is free software; see the source for copying conditions.  There is NO
warranty; not even for MERCHANTABILITY or FITNESS FOR A PARTICULAR PURPOSE.

configure:3313: $? = 0
configure:3302: gcc -v >&5
Using built-in specs.
COLLECT_GCC=gcc
COLLECT_LTO_WRAPPER=/usr/lib/gcc/x86_64-linux-gnu/4.6.1/lto-wrapper
Target: x86_64-linux-gnu
Configured with: ../src/configure -v --with-pkgversion='Ubuntu/Linaro 4.6.1-9ubuntu3' --with-bugurl=file:///usr/share/doc/gcc-4.6/README.Bugs --enable-languages=c,c++,fortran,objc,obj-c++,go --prefix=/usr --program-suffix=-4.6 --enable-shared --enable-linker-build-id --with-system-zlib --libexecdir=/usr/lib --without-included-gettext --enable-threads=posix --with-gxx-include-dir=/usr/include/c++/4.6 --libdir=/usr/lib --enable-nls --with-sysroot=/ --enable-clocale=gnu --enable-libstdcxx-debug --enable-libstdcxx-time=yes --enable-plugin --enable-objc-gc --disable-werror --with-arch-32=i686 --with-tune=generic --enable-checking=release --build=x86_64-linux-gnu --host=x86_64-linux-gnu --target=x86_64-linux-gnu
Thread model: posix
gcc version 4.6.1 (Ubuntu/Linaro 4.6.1-9ubuntu3) 
configure:3313: $? = 0
configure:3302: gcc -V >&5
gcc: error: unrecognized option '-V'
gcc: fatal error: no input files
compilation terminated.
configure:3313: $? = 4
configure:3302: gcc -qversion >&5
gcc: error: unrecognized option '-qversion'
gcc: fatal error: no input files
compilation terminated.
configure:3313: $? = 4
configure:3333: checking whether the C compiler works
configure:3355: gcc    conftest.c  >&5
configure:3359: $? = 0
configure:3407: result: yes
configure:3410: checking for C compiler default output file name
configure:3412: result: a.out
configure:3418: checking for suffix of executables
configure:3425: gcc -o conftest    conftest.c  >&5
configure:3429: $? = 0
configure:3451: result: 
configure:3473: checking whether we are cross compiling
configure:3481: gcc -o conftest    conftest.c  >&5
configure:3485: $? = 0
configure:3492: ./conftest
configure:3496: $? = 0
configure:3511: result: no
configure:3516: checking for suffix of object files
configure:3538: gcc -c   conftest.c >&5
configure:3542: $? = 0
configure:3563: result: o
configure:3567: checking whether we are using the GNU C compiler
configure:3586: gcc -c   conftest.c >&5
configure:3586: $? = 0
configure:3595: result: yes
configure:3604: checking whether gcc accepts -g
configure:3624: gcc -c -g  conftest.c >&5
configure:3624: $? = 0
configure:3665: result: yes
configure:3682: checking for gcc option to accept ISO C89
configure:3746: gcc  -c -g -O2  conftest.c >&5
configure:3746: $? = 0
configure:3759: result: none needed
configure:3781: checking dependency style of gcc
configure:3891: result: gcc3
configure:3906: checking for a sed that does not truncate output
configure:3970: result: /bin/sed
configure:3988: checking for grep that handles long lines and -e
configure:4046: result: /bin/grep
configure:4051: checking for egrep
configure:4113: result: /bin/grep -E
configure:4118: checking for fgrep
configure:4180: result: /bin/grep -F
configure:4215: checking for ld used by gcc
configure:4282: result: /usr/bin/ld
configure:4289: checking if the linker (/usr/bin/ld) is GNU ld
configure:4304: result: yes
configure:4316: checking for BSD- or MS-compatible name lister (nm)
configure:4365: result: /usr/bin/nm -B
configure:4495: checking the name lister (/usr/bin/nm -B) interface
configure:4502: gcc -c -g -O2  conftest.c >&5
configure:4505: /usr/bin/nm -B "conftest.o"
configure:4508: output
0000000000000000 B some_variable
configure:4515: result: BSD nm
configure:4518: checking whether ln -s works
configure:4522: result: yes
configure:4530: checking the maximum length of command line arguments
configure:4655: result: 1572864
configure:4672: checking whether the shell understands some XSI constructs
configure:4682: result: yes
configure:4686: checking whether the shell understands "+="
configure:4692: result: yes
configure:4727: checking how to convert x86_64-unknown-linux-gnu file names to x86_64-unknown-linux-gnu format
configure:4767: result: func_convert_file_noop
configure:4774: checking how to convert x86_64-unknown-linux-gnu file names to toolchain format
configure:4794: result: func_convert_file_noop
configure:4801: checking for /usr/bin/ld option to reload object files
configure:4808: result: -r
configure:4882: checking for objdump
configure:4898: found /usr/bin/objdump
configure:4909: result: objdump
configure:4941: checking how to recognize dependent libraries
configure:5143: result: pass_all
configure:5228: checking for dlltool
configure:5258: result: no
configure:5288: checking how to associate runtime and link libraries
configure:5315: result: printf %s\n
configure:5376: checking for ar
configure:5392: found /usr/bin/ar
configure:5403: result: ar
configure:5440: checking for archiver @FILE support
configure:5457: gcc -c -g -O2  conftest.c >&5
configure:5457: $? = 0
configure:5460: ar cru libconftest.a @conftest.lst >&5
configure:5463: $? = 0
configure:5468: ar cru libconftest.a @conftest.lst >&5
ar: conftest.o: No such file or directory
configure:5471: $? = 1
configure:5483: result: @
configure:5541: checking for strip
configure:5557: found /usr/bin/strip
configure:5568: result: strip
configure:5640: checking for ranlib
configure:5656: found /usr/bin/ranlib
configure:5667: result: ranlib
configure:5769: checking command to parse /usr/bin/nm -B output from gcc object
configure:5888: gcc -c -g -O2  conftest.c >&5
configure:5891: $? = 0
configure:5895: /usr/bin/nm -B conftest.o \| sed -n -e 's/^.*[ ]\([ABCDGIRSTW][ABCDGIRSTW]*\)[ ][ ]*\([_A-Za-z][_A-Za-z0-9]*\)$/\1 \2 \2/p' | sed '/ __gnu_lto/d' \> conftest.nm
configure:5898: $? = 0
configure:5964: gcc -o conftest -g -O2   conftest.c conftstm.o >&5
configure:5967: $? = 0
configure:6005: result: ok
configure:6042: checking for sysroot
configure:6072: result: no
configure:6149: gcc -c -g -O2  conftest.c >&5
configure:6152: $? = 0
configure:6315: checking for mt
configure:6331: found /bin/mt
configure:6342: result: mt
configure:6365: checking if mt is a manifest tool
configure:6371: mt '-?'
configure:6379: result: no
configure:7011: checking how to run the C preprocessor
configure:7042: gcc -E  conftest.c
configure:7042: $? = 0
configure:7056: gcc -E  conftest.c
conftest.c:11:28: fatal error: ac_nonexistent.h: No such file or directory
compilation terminated.
configure:7056: $? = 1
configure: failed program was:
| /* confdefs.h */
| #define PACKAGE_NAME "libwebsockets"
| #define PACKAGE_TARNAME "libwebsockets"
| #define PACKAGE_VERSION "0.3"
| #define PACKAGE_STRING "libwebsockets 0.3"
| #define PACKAGE_BUGREPORT "andy@warmcat.com"
| #define PACKAGE_URL ""
| #define PACKAGE "libwebsockets"
| #define VERSION "0.3"
| /* end confdefs.h.  */
| #include <ac_nonexistent.h>
configure:7081: result: gcc -E
configure:7101: gcc -E  conftest.c
configure:7101: $? = 0
configure:7115: gcc -E  conftest.c
conftest.c:11:28: fatal error: ac_nonexistent.h: No such file or directory
compilation terminated.
configure:7115: $? = 1
configure: failed program was:
| /* confdefs.h */
| #define PACKAGE_NAME "libwebsockets"
| #define PACKAGE_TARNAME "libwebsockets"
| #define PACKAGE_VERSION "0.3"
| #define PACKAGE_STRING "libwebsockets 0.3"
| #define PACKAGE_BUGREPORT "andy@warmcat.com"
| #define PACKAGE_URL ""
| #define PACKAGE "libwebsockets"
| #define VERSION "0.3"
| /* end confdefs.h.  */
| #include <ac_nonexistent.h>
configure:7144: checking for ANSI C header files
configure:7164: gcc -c -g -O2  conftest.c >&5
configure:7164: $? = 0
configure:7237: gcc -o conftest -g -O2   conftest.c  >&5
configure:7237: $? = 0
configure:7237: ./conftest
configure:7237: $? = 0
configure:7248: result: yes
configure:7261: checking for sys/types.h
configure:7261: gcc -c -g -O2  conftest.c >&5
configure:7261: $? = 0
configure:7261: result: yes
configure:7261: checking for sys/stat.h
configure:7261: gcc -c -g -O2  conftest.c >&5
configure:7261: $? = 0
configure:7261: result: yes
configure:7261: checking for stdlib.h
configure:7261: gcc -c -g -O2  conftest.c >&5
configure:7261: $? = 0
configure:7261: result: yes
configure:7261: checking for string.h
configure:7261: gcc -c -g -O2  conftest.c >&5
configure:7261: $? = 0
configure:7261: result: yes
configure:7261: checking for memory.h
configure:7261: gcc -c -g -O2  conftest.c >&5
configure:7261: $? = 0
configure:7261: result: yes
configure:7261: checking for strings.h
configure:7261: gcc -c -g -O2  conftest.c >&5
configure:7261: $? = 0
configure:7261: result: yes
configure:7261: checking for inttypes.h
configure:7261: gcc -c -g -O2  conftest.c >&5
configure:7261: $? = 0
configure:7261: result: yes
configure:7261: checking for stdint.h
configure:7261: gcc -c -g -O2  conftest.c >&5
configure:7261: $? = 0
configure:7261: result: yes
configure:7261: checking for unistd.h
configure:7261: gcc -c -g -O2  conftest.c >&5
configure:7261: $? = 0
configure:7261: result: yes
configure:7275: checking for dlfcn.h
configure:7275: gcc -c -g -O2  conftest.c >&5
configure:7275: $? = 0
configure:7275: result: yes
configure:7461: checking for objdir
configure:7476: result: .libs
configure:7743: checking if gcc supports -fno-rtti -fno-exceptions
configure:7761: gcc -c -g -O2  -fno-rtti -fno-exceptions conftest.c >&5
cc1: warning: command line option '-fno-rtti' is valid for C++/ObjC++ but not for C [enabled by default]
configure:7765: $? = 0
configure:7778: result: no
configure:8088: checking for gcc option to produce PIC
configure:8095: result: -fPIC -DPIC
configure:8103: checking if gcc PIC flag -fPIC -DPIC works
configure:8121: gcc -c -g -O2  -fPIC -DPIC -DPIC conftest.c >&5
configure:8125: $? = 0
configure:8138: result: yes
configure:8167: checking if gcc static flag -static works
configure:8195: result: yes
configure:8210: checking if gcc supports -c -o file.o
configure:8231: gcc -c -g -O2  -o out/conftest2.o conftest.c >&5
configure:8235: $? = 0
configure:8257: result: yes
configure:8265: checking if gcc supports -c -o file.o
configure:8312: result: yes
configure:8345: checking whether the gcc linker (/usr/bin/ld -m elf_x86_64) supports shared libraries
configure:9507: result: yes
configure:9544: checking whether -lc should be explicitly linked in
configure:9552: gcc -c -g -O2  conftest.c >&5
configure:9555: $? = 0
configure:9570: gcc -shared  -fPIC -DPIC conftest.o  -v -Wl,-soname -Wl,conftest -o conftest 2\>\&1 \| /bin/grep  -lc  \>/dev/null 2\>\&1
configure:9573: $? = 0
configure:9587: result: no
configure:9752: checking dynamic linker characteristics
configure:10267: gcc -o conftest -g -O2   -Wl,-rpath -Wl,/foo conftest.c  >&5
configure:10267: $? = 0
configure:10501: result: GNU/Linux ld.so
configure:10608: checking how to hardcode library paths into programs
configure:10633: result: immediate
configure:11173: checking whether stripping libraries is possible
configure:11178: result: yes
configure:11213: checking if libtool supports shared libraries
configure:11215: result: yes
configure:11218: checking whether to build shared libraries
configure:11239: result: yes
configure:11242: checking whether to build static libraries
configure:11246: result: yes
configure:11333: checking for gcc
configure:11360: result: gcc
configure:11589: checking for C compiler version
configure:11598: gcc --version >&5
gcc (Ubuntu/Linaro 4.6.1-9ubuntu3) 4.6.1
Copyright (C) 2011 Free Software Foundation, Inc.
This is free software; see the source for copying conditions.  There is NO
warranty; not even for MERCHANTABILITY or FITNESS FOR A PARTICULAR PURPOSE.

configure:11609: $? = 0
configure:11598: gcc -v >&5
Using built-in specs.
COLLECT_GCC=gcc
COLLECT_LTO_WRAPPER=/usr/lib/gcc/x86_64-linux-gnu/4.6.1/lto-wrapper
Target: x86_64-linux-gnu
Configured with: ../src/configure -v --with-pkgversion='Ubuntu/Linaro 4.6.1-9ubuntu3' --with-bugurl=file:///usr/share/doc/gcc-4.6/README.Bugs --enable-languages=c,c++,fortran,objc,obj-c++,go --prefix=/usr --program-suffix=-4.6 --enable-shared --enable-linker-build-id --with-system-zlib --libexecdir=/usr/lib --without-included-gettext --enable-threads=posix --with-gxx-include-dir=/usr/include/c++/4.6 --libdir=/usr/lib --enable-nls --with-sysroot=/ --enable-clocale=gnu --enable-libstdcxx-debug --enable-libstdcxx-time=yes --enable-plugin --enable-objc-gc --disable-werror --with-arch-32=i686 --with-tune=generic --enable-checking=release --build=x86_64-linux-gnu --host=x86_64-linux-gnu --target=x86_64-linux-gnu
Thread model: posix
gcc version 4.6.1 (Ubuntu/Linaro 4.6.1-9ubuntu3) 
configure:11609: $? = 0
configure:11598: gcc -V >&5
gcc: error: unrecognized option '-V'
gcc: fatal error: no input files
compilation terminated.
configure:11609: $? = 4
configure:11598: gcc -qversion >&5
gcc: error: unrecognized option '-qversion'
gcc: fatal error: no input files
compilation terminated.
configure:11609: $? = 4
configure:11613: checking whether we are using the GNU C compiler
configure:11641: result: yes
configure:11650: checking whether gcc accepts -g
configure:11711: result: yes
configure:11728: checking for gcc option to accept ISO C89
configure:11805: result: none needed
configure:11827: checking dependency style of gcc
configure:11937: result: gcc3
configure:11953: checking whether make sets $(MAKE)
configure:11975: result: yes
configure:12059: checking for pid_t
configure:12059: gcc -c -g -O2  conftest.c >&5
configure:12059: $? = 0
configure:12059: gcc -c -g -O2  conftest.c >&5
conftest.c: In function 'main':
conftest.c:59:20: error: expected expression before ')' token
configure:12059: $? = 1
configure: failed program was:
| /* confdefs.h */
| #define PACKAGE_NAME "libwebsockets"
| #define PACKAGE_TARNAME "libwebsockets"
| #define PACKAGE_VERSION "0.3"
| #define PACKAGE_STRING "libwebsockets 0.3"
| #define PACKAGE_BUGREPORT "andy@warmcat.com"
| #define PACKAGE_URL ""
| #define PACKAGE "libwebsockets"
| #define VERSION "0.3"
| #define STDC_HEADERS 1
| #define HAVE_SYS_TYPES_H 1
| #define HAVE_SYS_STAT_H 1
| #define HAVE_STDLIB_H 1
| #define HAVE_STRING_H 1
| #define HAVE_MEMORY_H 1
| #define HAVE_STRINGS_H 1
| #define HAVE_INTTYPES_H 1
| #define HAVE_STDINT_H 1
| #define HAVE_UNISTD_H 1
| #define HAVE_DLFCN_H 1
| #define LT_OBJDIR ".libs/"
| /* end confdefs.h.  */
| #include <stdio.h>
| #ifdef HAVE_SYS_TYPES_H
| # include <sys/types.h>
| #endif
| #ifdef HAVE_SYS_STAT_H
| # include <sys/stat.h>
| #endif
| #ifdef STDC_HEADERS
| # include <stdlib.h>
| # include <stddef.h>
| #else
| # ifdef HAVE_STDLIB_H
| #  include <stdlib.h>
| # endif
| #endif
| #ifdef HAVE_STRING_H
| # if !defined STDC_HEADERS && defined HAVE_MEMORY_H
| #  include <memory.h>
| # endif
| # include <string.h>
| #endif
| #ifdef HAVE_STRINGS_H
| # include <strings.h>
| #endif
| #ifdef HAVE_INTTYPES_H
| # include <inttypes.h>
| #endif
| #ifdef HAVE_STDINT_H
| # include <stdint.h>
| #endif
| #ifdef HAVE_UNISTD_H
| # include <unistd.h>
| #endif
| int
| main ()
| {
| if (sizeof ((pid_t)))
| 	    return 0;
|   ;
|   return 0;
| }
configure:12059: result: yes
configure:12072: checking vfork.h usability
configure:12072: gcc -c -g -O2  conftest.c >&5
conftest.c:56:19: fatal error: vfork.h: No such file or directory
compilation terminated.
configure:12072: $? = 1
configure: failed program was:
| /* confdefs.h */
| #define PACKAGE_NAME "libwebsockets"
| #define PACKAGE_TARNAME "libwebsockets"
| #define PACKAGE_VERSION "0.3"
| #define PACKAGE_STRING "libwebsockets 0.3"
| #define PACKAGE_BUGREPORT "andy@warmcat.com"
| #define PACKAGE_URL ""
| #define PACKAGE "libwebsockets"
| #define VERSION "0.3"
| #define STDC_HEADERS 1
| #define HAVE_SYS_TYPES_H 1
| #define HAVE_SYS_STAT_H 1
| #define HAVE_STDLIB_H 1
| #define HAVE_STRING_H 1
| #define HAVE_MEMORY_H 1
| #define HAVE_STRINGS_H 1
| #define HAVE_INTTYPES_H 1
| #define HAVE_STDINT_H 1
| #define HAVE_UNISTD_H 1
| #define HAVE_DLFCN_H 1
| #define LT_OBJDIR ".libs/"
| /* end confdefs.h.  */
| #include <stdio.h>
| #ifdef HAVE_SYS_TYPES_H
| # include <sys/types.h>
| #endif
| #ifdef HAVE_SYS_STAT_H
| # include <sys/stat.h>
| #endif
| #ifdef STDC_HEADERS
| # include <stdlib.h>
| # include <stddef.h>
| #else
| # ifdef HAVE_STDLIB_H
| #  include <stdlib.h>
| # endif
| #endif
| #ifdef HAVE_STRING_H
| # if !defined STDC_HEADERS && defined HAVE_MEMORY_H
| #  include <memory.h>
| # endif
| # include <string.h>
| #endif
| #ifdef HAVE_STRINGS_H
| # include <strings.h>
| #endif
| #ifdef HAVE_INTTYPES_H
| # include <inttypes.h>
| #endif
| #ifdef HAVE_STDINT_H
| # include <stdint.h>
| #endif
| #ifdef HAVE_UNISTD_H
| # include <unistd.h>
| #endif
| #include <vfork.h>
configure:12072: result: no
configure:12072: checking vfork.h presence
configure:12072: gcc -E  conftest.c
conftest.c:23:19: fatal error: vfork.h: No such file or directory
compilation terminated.
configure:12072: $? = 1
configure: failed program was:
| /* confdefs.h */
| #define PACKAGE_NAME "libwebsockets"
| #define PACKAGE_TARNAME "libwebsockets"
| #define PACKAGE_VERSION "0.3"
| #define PACKAGE_STRING "libwebsockets 0.3"
| #define PACKAGE_BUGREPORT "andy@warmcat.com"
| #define PACKAGE_URL ""
| #define PACKAGE "libwebsockets"
| #define VERSION "0.3"
| #define STDC_HEADERS 1
| #define HAVE_SYS_TYPES_H 1
| #define HAVE_SYS_STAT_H 1
| #define HAVE_STDLIB_H 1
| #define HAVE_STRING_H 1
| #define HAVE_MEMORY_H 1
| #define HAVE_STRINGS_H 1
| #define HAVE_INTTYPES_H 1
| #define HAVE_STDINT_H 1
| #define HAVE_UNISTD_H 1
| #define HAVE_DLFCN_H 1
| #define LT_OBJDIR ".libs/"
| /* end confdefs.h.  */
| #include <vfork.h>
configure:12072: result: no
configure:12072: checking for vfork.h
configure:12072: result: no
configure:12085: checking for fork
configure:12085: gcc -o conftest -g -O2   conftest.c  >&5
conftest.c:46:6: warning: conflicting types for built-in function 'fork' [enabled by default]
configure:12085: $? = 0
configure:12085: result: yes
configure:12085: checking for vfork
configure:12085: gcc -o conftest -g -O2   conftest.c  >&5
configure:12085: $? = 0
configure:12085: result: yes
configure:12095: checking for working fork
configure:12117: gcc -o conftest -g -O2   conftest.c  >&5
configure:12117: $? = 0
configure:12117: ./conftest
configure:12117: $? = 0
configure:12127: result: yes
configure:12148: checking for working vfork
configure:12258: result: yes
configure:12373: checking zlib.h usability
configure:12373: gcc -c -g -O2  conftest.c >&5
configure:12373: $? = 0
configure:12373: result: yes
configure:12373: checking zlib.h presence
configure:12373: gcc -E  conftest.c
configure:12373: $? = 0
configure:12373: result: yes
configure:12373: checking for zlib.h
configure:12373: result: yes
configure:12373: checking fcntl.h usability
configure:12373: gcc -c -g -O2  conftest.c >&5
configure:12373: $? = 0
configure:12373: result: yes
configure:12373: checking fcntl.h presence
configure:12373: gcc -E  conftest.c
configure:12373: $? = 0
configure:12373: result: yes
configure:12373: checking for fcntl.h
configure:12373: result: yes
configure:12373: checking netinet/in.h usability
configure:12373: gcc -c -g -O2  conftest.c >&5
configure:12373: $? = 0
configure:12373: result: yes
configure:12373: checking netinet/in.h presence
configure:12373: gcc -E  conftest.c
configure:12373: $? = 0
configure:12373: result: yes
configure:12373: checking for netinet/in.h
configure:12373: result: yes
configure:12373: checking for stdlib.h
configure:12373: result: yes
configure:12373: checking for string.h
configure:12373: result: yes
configure:12373: checking sys/socket.h usability
configure:12373: gcc -c -g -O2  conftest.c >&5
configure:12373: $? = 0
configure:12373: result: yes
configure:12373: checking sys/socket.h presence
configure:12373: gcc -E  conftest.c
configure:12373: $? = 0
configure:12373: result: yes
configure:12373: checking for sys/socket.h
configure:12373: result: yes
configure:12373: checking for unistd.h
configure:12373: result: yes
configure:12385: checking for size_t
configure:12385: gcc -c -g -O2  conftest.c >&5
configure:12385: $? = 0
configure:12385: gcc -c -g -O2  conftest.c >&5
conftest.c: In function 'main':
conftest.c:70:21: error: expected expression before ')' token
configure:12385: $? = 1
configure: failed program was:
| /* confdefs.h */
| #define PACKAGE_NAME "libwebsockets"
| #define PACKAGE_TARNAME "libwebsockets"
| #define PACKAGE_VERSION "0.3"
| #define PACKAGE_STRING "libwebsockets 0.3"
| #define PACKAGE_BUGREPORT "andy@warmcat.com"
| #define PACKAGE_URL ""
| #define PACKAGE "libwebsockets"
| #define VERSION "0.3"
| #define STDC_HEADERS 1
| #define HAVE_SYS_TYPES_H 1
| #define HAVE_SYS_STAT_H 1
| #define HAVE_STDLIB_H 1
| #define HAVE_STRING_H 1
| #define HAVE_MEMORY_H 1
| #define HAVE_STRINGS_H 1
| #define HAVE_INTTYPES_H 1
| #define HAVE_STDINT_H 1
| #define HAVE_UNISTD_H 1
| #define HAVE_DLFCN_H 1
| #define LT_OBJDIR ".libs/"
| #define HAVE_FORK 1
| #define HAVE_VFORK 1
| #define HAVE_WORKING_VFORK 1
| #define HAVE_WORKING_FORK 1
| #define HAVE_ZLIB_H 1
| #define HAVE_FCNTL_H 1
| #define HAVE_NETINET_IN_H 1
| #define HAVE_STDLIB_H 1
| #define HAVE_STRING_H 1
| #define HAVE_SYS_SOCKET_H 1
| #define HAVE_UNISTD_H 1
| /* end confdefs.h.  */
| #include <stdio.h>
| #ifdef HAVE_SYS_TYPES_H
| # include <sys/types.h>
| #endif
| #ifdef HAVE_SYS_STAT_H
| # include <sys/stat.h>
| #endif
| #ifdef STDC_HEADERS
| # include <stdlib.h>
| # include <stddef.h>
| #else
| # ifdef HAVE_STDLIB_H
| #  include <stdlib.h>
| # endif
| #endif
| #ifdef HAVE_STRING_H
| # if !defined STDC_HEADERS && defined HAVE_MEMORY_H
| #  include <memory.h>
| # endif
| # include <string.h>
| #endif
| #ifdef HAVE_STRINGS_H
| # include <strings.h>
| #endif
| #ifdef HAVE_INTTYPES_H
| # include <inttypes.h>
| #endif
| #ifdef HAVE_STDINT_H
| # include <stdint.h>
| #endif
| #ifdef HAVE_UNISTD_H
| # include <unistd.h>
| #endif
| int
| main ()
| {
| if (sizeof ((size_t)))
| 	    return 0;
|   ;
|   return 0;
| }
configure:12385: result: yes
configure:12401: checking for stdlib.h
configure:12401: result: yes
configure:12411: checking for GNU libc compatible malloc
configure:12435: gcc -o conftest -g -O2   conftest.c  >&5
configure:12435: $? = 0
configure:12435: ./conftest
configure:12435: $? = 0
configure:12445: result: yes
configure:12468: checking for stdlib.h
configure:12468: result: yes
configure:12478: checking for GNU libc compatible realloc
configure:12502: gcc -o conftest -g -O2   conftest.c  >&5
configure:12502: $? = 0
configure:12502: ./conftest
configure:12502: $? = 0
configure:12512: result: yes
configure:12536: checking for bzero
configure:12536: gcc -o conftest -g -O2   conftest.c  >&5
conftest.c:61:6: warning: conflicting types for built-in function 'bzero' [enabled by default]
configure:12536: $? = 0
configure:12536: result: yes
configure:12536: checking for memset
configure:12536: gcc -o conftest -g -O2   conftest.c  >&5
conftest.c:62:6: warning: conflicting types for built-in function 'memset' [enabled by default]
configure:12536: $? = 0
configure:12536: result: yes
configure:12536: checking for socket
configure:12536: gcc -o conftest -g -O2   conftest.c  >&5
configure:12536: $? = 0
configure:12536: result: yes
configure:12536: checking for strerror
configure:12536: gcc -o conftest -g -O2   conftest.c  >&5
configure:12536: $? = 0
configure:12536: result: yes
configure:12695: creating ./config.status

## ---------------------- ##
## Running config.status. ##
## ---------------------- ##

This file was extended by libwebsockets config.status 0.3, which was
generated by GNU Autoconf 2.68.  Invocation command line was

  CONFIG_FILES    = 
  CONFIG_HEADERS  = 
  CONFIG_LINKS    = 
  CONFIG_COMMANDS = 
  $ ./config.status 

on oneiric

config.status:1115: creating Makefile
config.status:1115: creating lib/Makefile
config.status:1115: creating test-server/Makefile
config.status:1115: creating config.h
config.status:1296: config.h is unchanged
config.status:1344: executing depfiles commands
config.status:1344: executing libtool commands

## ---------------- ##
## Cache variables. ##
## ---------------- ##

ac_cv_build=x86_64-unknown-linux-gnu
ac_cv_c_compiler_gnu=yes
ac_cv_env_CC_set=
ac_cv_env_CC_value=
ac_cv_env_CFLAGS_set=
ac_cv_env_CFLAGS_value=
ac_cv_env_CPPFLAGS_set=
ac_cv_env_CPPFLAGS_value=
ac_cv_env_CPP_set=
ac_cv_env_CPP_value=
ac_cv_env_LDFLAGS_set=
ac_cv_env_LDFLAGS_value=
ac_cv_env_LIBS_set=
ac_cv_env_LIBS_value=
ac_cv_env_build_alias_set=
ac_cv_env_build_alias_value=
ac_cv_env_host_alias_set=
ac_cv_env_host_alias_value=
ac_cv_env_target_alias_set=
ac_cv_env_target_alias_value=
ac_cv_func_bzero=yes
ac_cv_func_fork=yes
ac_cv_func_fork_works=yes
ac_cv_func_malloc_0_nonnull=yes
ac_cv_func_memset=yes
ac_cv_func_realloc_0_nonnull=yes
ac_cv_func_socket=yes
ac_cv_func_strerror=yes
ac_cv_func_vfork=yes
ac_cv_func_vfork_works=yes
ac_cv_header_dlfcn_h=yes
ac_cv_header_fcntl_h=yes
ac_cv_header_inttypes_h=yes
ac_cv_header_memory_h=yes
ac_cv_header_netinet_in_h=yes
ac_cv_header_stdc=yes
ac_cv_header_stdint_h=yes
ac_cv_header_stdlib_h=yes
ac_cv_header_string_h=yes
ac_cv_header_strings_h=yes
ac_cv_header_sys_socket_h=yes
ac_cv_header_sys_stat_h=yes
ac_cv_header_sys_types_h=yes
ac_cv_header_unistd_h=yes
ac_cv_header_vfork_h=no
ac_cv_header_zlib_h=yes
ac_cv_host=x86_64-unknown-linux-gnu
ac_cv_objext=o
ac_cv_path_EGREP='/bin/grep -E'
ac_cv_path_FGREP='/bin/grep -F'
ac_cv_path_GREP=/bin/grep
ac_cv_path_SED=/bin/sed
ac_cv_path_install='/usr/bin/install -c'
ac_cv_path_mkdir=/bin/mkdir
ac_cv_prog_AWK=mawk
ac_cv_prog_CPP='gcc -E'
ac_cv_prog_ac_ct_AR=ar
ac_cv_prog_ac_ct_CC=gcc
ac_cv_prog_ac_ct_MANIFEST_TOOL=mt
ac_cv_prog_ac_ct_OBJDUMP=objdump
ac_cv_prog_ac_ct_RANLIB=ranlib
ac_cv_prog_ac_ct_STRIP=strip
ac_cv_prog_cc_c89=
ac_cv_prog_cc_g=yes
ac_cv_prog_make_make_set=yes
ac_cv_type_pid_t=yes
ac_cv_type_size_t=yes
am_cv_CC_dependencies_compiler_type=gcc3
lt_cv_ar_at_file=@
lt_cv_archive_cmds_need_lc=no
lt_cv_deplibs_check_method=pass_all
lt_cv_file_magic_cmd='$MAGIC_CMD'
lt_cv_file_magic_test_file=
lt_cv_ld_reload_flag=-r
lt_cv_nm_interface='BSD nm'
lt_cv_objdir=.libs
lt_cv_path_LD=/usr/bin/ld
lt_cv_path_NM='/usr/bin/nm -B'
lt_cv_path_mainfest_tool=no
lt_cv_prog_compiler_c_o=yes
lt_cv_prog_compiler_pic='-fPIC -DPIC'
lt_cv_prog_compiler_pic_works=yes
lt_cv_prog_compiler_rtti_exceptions=no
lt_cv_prog_compiler_static_works=yes
lt_cv_prog_gnu_ld=yes
lt_cv_sharedlib_from_linklib_cmd='printf %s\n'
lt_cv_shlibpath_overrides_runpath=no
lt_cv_sys_global_symbol_pipe='sed -n -e '\''s/^.*[	 ]\([ABCDGIRSTW][ABCDGIRSTW]*\)[	 ][	 ]*\([_A-Za-z][_A-Za-z0-9]*\)$/\1 \2 \2/p'\'' | sed '\''/ __gnu_lto/d'\'''
lt_cv_sys_global_symbol_to_c_name_address='sed -n -e '\''s/^: \([^ ]*\)[ ]*$/  {\"\1\", (void *) 0},/p'\'' -e '\''s/^[ABCDGIRSTW]* \([^ ]*\) \([^ ]*\)$/  {"\2", (void *) \&\2},/p'\'''
lt_cv_sys_global_symbol_to_c_name_address_lib_prefix='sed -n -e '\''s/^: \([^ ]*\)[ ]*$/  {\"\1\", (void *) 0},/p'\'' -e '\''s/^[ABCDGIRSTW]* \([^ ]*\) \(lib[^ ]*\)$/  {"\2", (void *) \&\2},/p'\'' -e '\''s/^[ABCDGIRSTW]* \([^ ]*\) \([^ ]*\)$/  {"lib\2", (void *) \&\2},/p'\'''
lt_cv_sys_global_symbol_to_cdecl='sed -n -e '\''s/^T .* \(.*\)$/extern int \1();/p'\'' -e '\''s/^[ABCDGIRSTW]* .* \(.*\)$/extern char \1;/p'\'''
lt_cv_sys_max_cmd_len=1572864
lt_cv_to_host_file_cmd=func_convert_file_noop
lt_cv_to_tool_file_cmd=func_convert_file_noop

## ----------------- ##
## Output variables. ##
## ----------------- ##

ACLOCAL='${SHELL} /home/marcusklaas/Achtung--die-Kurve-/missing --run aclocal-1.11'
AMDEPBACKSLASH='\'
AMDEP_FALSE='#'
AMDEP_TRUE=''
AMTAR='${SHELL} /home/marcusklaas/Achtung--die-Kurve-/missing --run tar'
AR='ar'
AUTOCONF='${SHELL} /home/marcusklaas/Achtung--die-Kurve-/missing --run autoconf'
AUTOHEADER='${SHELL} /home/marcusklaas/Achtung--die-Kurve-/missing --run autoheader'
AUTOMAKE='${SHELL} /home/marcusklaas/Achtung--die-Kurve-/missing --run automake-1.11'
AWK='mawk'
CC='gcc'
CCDEPMODE='depmode=gcc3'
CFLAGS='-g -O2'
CPP='gcc -E'
CPPFLAGS=''
CYGPATH_W='echo'
DEFS='-DHAVE_CONFIG_H'
DEPDIR='.deps'
DLLTOOL='false'
DSYMUTIL=''
DUMPBIN=''
ECHO_C=''
ECHO_N='-n'
ECHO_T=''
EGREP='/bin/grep -E'
EXEEXT=''
EXT_GOOGLE_MUX_FALSE=''
EXT_GOOGLE_MUX_TRUE='#'
FGREP='/bin/grep -F'
GREP='/bin/grep'
INSTALL_DATA='${INSTALL} -m 644'
INSTALL_PROGRAM='${INSTALL}'
INSTALL_SCRIPT='${INSTALL}'
INSTALL_STRIP_PROGRAM='$(install_sh) -c -s'
LD='/usr/bin/ld -m elf_x86_64'
LDFLAGS=''
LIBCRYPTO_FALSE=''
LIBCRYPTO_TRUE='#'
LIBOBJS=''
LIBS=''
LIBTOOL='$(SHELL) $(top_builddir)/libtool'
LIPO=''
LN_S='ln -s'
LTLIBOBJS=''
MAKEINFO='${SHELL} /home/marcusklaas/Achtung--die-Kurve-/missing --run makeinfo'
MANIFEST_TOOL=':'
MKDIR_P='/bin/mkdir -p'
NM='/usr/bin/nm -B'
NMEDIT=''
NOPING_FALSE=''
NOPING_TRUE='#'
OBJDUMP='objdump'
OBJEXT='o'
OTOOL64=''
OTOOL=''
PACKAGE='libwebsockets'
PACKAGE_BUGREPORT='andy@warmcat.com'
PACKAGE_NAME='libwebsockets'
PACKAGE_STRING='libwebsockets 0.3'
PACKAGE_TARNAME='libwebsockets'
PACKAGE_URL=''
PACKAGE_VERSION='0.3'
PATH_SEPARATOR=':'
RANLIB='ranlib'
SED='/bin/sed'
SET_MAKE=''
SHELL='/bin/bash'
STRIP='strip'
VERSION='0.3'
ac_ct_AR='ar'
ac_ct_CC='gcc'
ac_ct_DUMPBIN=''
am__EXEEXT_FALSE=''
am__EXEEXT_TRUE='#'
am__fastdepCC_FALSE='#'
am__fastdepCC_TRUE=''
am__include='include'
am__isrc=''
am__leading_dot='.'
am__quote=''
am__tar='${AMTAR} chof - "$$tardir"'
am__untar='${AMTAR} xf -'
bindir='${exec_prefix}/bin'
build='x86_64-unknown-linux-gnu'
build_alias=''
build_cpu='x86_64'
build_os='linux-gnu'
build_vendor='unknown'
clientcertdir='/etc/pki/tls/certs/'
datadir='${datarootdir}'
datarootdir='${prefix}/share'
docdir='${datarootdir}/doc/${PACKAGE_TARNAME}'
dvidir='${docdir}'
exec_prefix='${prefix}'
host='x86_64-unknown-linux-gnu'
host_alias=''
host_cpu='x86_64'
host_os='linux-gnu'
host_vendor='unknown'
htmldir='${docdir}'
includedir='${prefix}/include'
infodir='${datarootdir}/info'
install_sh='${SHELL} /home/marcusklaas/Achtung--die-Kurve-/install-sh'
libdir='${exec_prefix}/lib'
libexecdir='${exec_prefix}/libexec'
localedir='${datarootdir}/locale'
localstatedir='${prefix}/var'
mandir='${datarootdir}/man'
mkdir_p='/bin/mkdir -p'
oldincludedir='/usr/include'
pdfdir='${docdir}'
prefix='/usr/local'
program_transform_name='s,x,x,'
psdir='${docdir}'
sbindir='${exec_prefix}/sbin'
sharedstatedir='${prefix}/com'
sysconfdir='${prefix}/etc'
target_alias=''

## ----------- ##
## confdefs.h. ##
## ----------- ##

/* confdefs.h */
#define PACKAGE_NAME "libwebsockets"
#define PACKAGE_TARNAME "libwebsockets"
#define PACKAGE_VERSION "0.3"
#define PACKAGE_STRING "libwebsockets 0.3"
#define PACKAGE_BUGREPORT "andy@warmcat.com"
#define PACKAGE_URL ""
#define PACKAGE "libwebsockets"
#define VERSION "0.3"
#define STDC_HEADERS 1
#define HAVE_SYS_TYPES_H 1
#define HAVE_SYS_STAT_H 1
#define HAVE_STDLIB_H 1
#define HAVE_STRING_H 1
#define HAVE_MEMORY_H 1
#define HAVE_STRINGS_H 1
#define HAVE_INTTYPES_H 1
#define HAVE_STDINT_H 1
#define HAVE_UNISTD_H 1
#define HAVE_DLFCN_H 1
#define LT_OBJDIR ".libs/"
#define HAVE_FORK 1
#define HAVE_VFORK 1
#define HAVE_WORKING_VFORK 1
#define HAVE_WORKING_FORK 1
#define HAVE_ZLIB_H 1
#define HAVE_FCNTL_H 1
#define HAVE_NETINET_IN_H 1
#define HAVE_STDLIB_H 1
#define HAVE_STRING_H 1
#define HAVE_SYS_SOCKET_H 1
#define HAVE_UNISTD_H 1
#define HAVE_STDLIB_H 1
#define HAVE_MALLOC 1
#define HAVE_STDLIB_H 1
#define HAVE_REALLOC 1
#define HAVE_BZERO 1
#define HAVE_MEMSET 1
#define HAVE_SOCKET 1
#define HAVE_STRERROR 1

configure: exit 0

## ---------------------- ##
## Running config.status. ##
## ---------------------- ##

This file was extended by libwebsockets config.status 0.3, which was
generated by GNU Autoconf 2.68.  Invocation command line was

  CONFIG_FILES    = 
  CONFIG_HEADERS  = 
  CONFIG_LINKS    = 
  CONFIG_COMMANDS = 
  $ ./config.status config.h

on oneiric

config.status:1115: creating config.h
config.status:1296: config.h is unchanged
